2026-05-07 11:49:00,070 | INFO | Crypto Alert Service started
2026-05-07 11:49:00,070 | INFO | Fetching prices...
2026-05-07 11:49:00,172 | INFO | Prices fetched: {'bitcoin': Decimal('81578.79572181006'), 'ethereum': Decimal('2345.549102913975'), 'celestia': Decimal('0.3864921861143479'), 'litecoin': Decimal('57.09454332390012')}
2026-05-07 11:49:00,175 | WARNING | 🚨 ₿ BTC price ABOVE 80977.00

Current price BTC: 81578.80 USD
2026-05-07 11:49:04,699 | WARNING | 🚨 Ξ ETH price ABOVE 2322.00

Current price ETH: 2345.55 USD
2026-05-07 11:49:07,663 | WARNING | 🚨 Ł LTC price ABOVE 57.00

Current price LTC: 57.09 USD
2026-05-07 11:49:10,621 | INFO | Sleeping for 60 seconds...
2026-05-08 09:46:09,776 | INFO | Crypto Alert Service started
2026-05-08 09:46:09,776 | INFO | Fetching prices...
2026-05-08 09:46:09,904 | INFO | Prices fetched: {'bitcoin': Decimal('79726.77261240387'), 'ethereum': Decimal('2282.708609055165'), 'celestia': Decimal('0.3989382077130309'), 'litecoin': Decimal('56.57781752171433')}
2026-05-08 09:46:09,914 | WARNING | 
🚨 ₿ BTC price ABOVE 79722.00

Current price BTC: 79726.77 USD

2026-05-08 09:46:13,995 | INFO | Sleeping for 60 seconds...
2026-05-08 09:47:13,995 | INFO | Fetching prices...
2026-05-08 09:47:14,042 | INFO | Prices fetched: {'bitcoin': Decimal('79749.34189191854'), 'ethereum': Decimal('2283.103134757505'), 'celestia': Decimal('0.399528902360261'), 'litecoin': Decimal('56.59182803321549')}
2026-05-08 09:47:14,051 | INFO | Sleeping for 60 seconds...
2026-05-08 09:47:37,612 | INFO | Crypto Alert Service started
2026-05-08 09:47:37,612 | INFO | Fetching prices...
2026-05-08 09:47:37,732 | INFO | Prices fetched: {'bitcoin': Decimal('79749.34189191854'), 'ethereum': Decimal('2283.103134757505'), 'celestia': Decimal('0.399528902360261'), 'litecoin': Decimal('56.59182803321549')}
2026-05-08 09:47:37,749 | INFO | Sleeping for 60 seconds...
2026-05-08 09:48:20,094 | INFO | Crypto Alert Service started
2026-05-08 09:48:20,095 | INFO | Fetching prices...
2026-05-08 09:48:20,142 | ERROR | Loop error: API error: 429
2026-05-08 09:48:20,143 | WARNING | Rate limit hit. Increasing interval to 120 seconds
